c:\users\yasmeen.abdrabou.guc\desktop\guc\winter 2016\dmet502w15\labs\09\openglmeshloader\debug\gltexture.obj
c:\users\yasmeen.abdrabou.guc\desktop\guc\winter 2016\dmet502w15\labs\09\openglmeshloader\debug\model_3ds.obj
c:\users\yasmeen.abdrabou.guc\desktop\guc\winter 2016\dmet502w15\labs\09\openglmeshloader\debug\openglmeshloader.obj
c:\users\yasmeen.abdrabou.guc\desktop\guc\winter 2016\dmet502w15\labs\09\openglmeshloader\debug\vc100.pdb
c:\users\yasmeen.abdrabou.guc\desktop\guc\winter 2016\dmet502w15\labs\09\openglmeshloader\debug\openglmeshloader.exe
c:\users\yasmeen.abdrabou.guc\desktop\guc\winter 2016\dmet502w15\labs\09\openglmeshloader\debug\openglmeshloader.exe.intermediate.manifest
c:\users\yasmeen.abdrabou.guc\desktop\guc\winter 2016\dmet502w15\labs\09\openglmeshloader\debug\openglmeshloader.pdb
d:\guc\7th semester\computer graphics\project\debug\vc120.pdb
d:\guc\7th semester\computer graphics\project\debug\vc120.idb
d:\guc\7th semester\computer graphics\project\debug\gltexture.obj
d:\guc\7th semester\computer graphics\project\debug\model_3ds.obj
d:\guc\7th semester\computer graphics\project\debug\openglmeshloader.obj
d:\guc\7th semester\computer graphics\project\debug\cl.command.1.tlog
d:\guc\7th semester\computer graphics\project\debug\cl.read.1.tlog
d:\guc\7th semester\computer graphics\project\debug\cl.write.1.tlog
d:\guc\7th semester\computer graphics\project\debug\link.command.1.tlog
d:\guc\7th semester\computer graphics\project\debug\link.read.1.tlog
d:\guc\7th semester\computer graphics\project\debug\link.write.1.tlog
d:\guc\7th semester\computer graphics\project\debug\mt.command.1.tlog
d:\guc\7th semester\computer graphics\project\debug\mt.read.1.tlog
d:\guc\7th semester\computer graphics\project\debug\mt.write.1.tlog
d:\guc\7th semester\computer graphics\project\debug\openglmeshloader.write.1.tlog
d:\guc\7th semester\computer graphics\project\debug\openglmeshloader.exe.intermediate.manifest
d:\guc\7th semester\computer graphics\project\debug\vc100.idb
d:\guc\7th semester\computer graphics\project\debug\openglmeshloader.pdb
d:\guc\7th semester\computer graphics\project\debug\vc100.pdb
d:\guc\7th semester\computer graphics\project\debug\openglmeshloader.tlog\cl.command.1.tlog
d:\guc\7th semester\computer graphics\project\debug\openglmeshloader.tlog\cl.read.1.tlog
d:\guc\7th semester\computer graphics\project\debug\openglmeshloader.tlog\cl.write.1.tlog
d:\guc\7th semester\computer graphics\project\debug\openglmeshloader.tlog\link-cvtres.read.1.tlog
d:\guc\7th semester\computer graphics\project\debug\openglmeshloader.tlog\link-cvtres.write.1.tlog
d:\guc\7th semester\computer graphics\project\debug\openglmeshloader.tlog\link-rc.read.1.tlog
d:\guc\7th semester\computer graphics\project\debug\openglmeshloader.tlog\link-rc.write.1.tlog
d:\guc\7th semester\computer graphics\project\debug\openglmeshloader.tlog\link.command.1.tlog
d:\guc\7th semester\computer graphics\project\debug\openglmeshloader.tlog\link.read.1.tlog
d:\guc\7th semester\computer graphics\project\debug\openglmeshloader.tlog\link.write.1.tlog
